<?xml version="1.0" encoding="UTF-8"?>
<testng-results ignored="0" total="1" passed="1" failed="0" skipped="0">
  <reporter-output>
    <line>
      <![CDATA[actiTIME - Login page is displayed]]>
    </line>
  </reporter-output>
  <suite started-at="2024-10-09T14:51:48 IST" name="Default suite" finished-at="2024-10-09T14:52:04 IST" duration-ms="16046">
    <groups>
    </groups>
    <test started-at="2024-10-09T14:51:48 IST" name="Default test" finished-at="2024-10-09T14:52:04 IST" duration-ms="16046">
      <class name="com.actitime.testscript.ProjectModule">
        <test-method is-config="true" signature="openBrowser()[pri:0, instance:com.actitime.testscript.ProjectModule@5e600dd5]" started-at="2024-10-09T14:51:48 IST" name="openBrowser" finished-at="2024-10-09T14:51:51 IST" duration-ms="3227" status="PASS">
          <reporter-output>
          </reporter-output>
        </test-method> <!-- openBrowser -->
        <test-method is-config="true" signature="login()[pri:0, instance:com.actitime.testscript.ProjectModule@5e600dd5]" started-at="2024-10-09T14:51:51 IST" name="login" finished-at="2024-10-09T14:51:51 IST" duration-ms="483" status="PASS">
          <reporter-output>
            <line>
              <![CDATA[actiTIME - Login page is displayed]]>
            </line>
          </reporter-output>
        </test-method> <!-- login -->
        <test-method signature="createProject()[pri:0, instance:com.actitime.testscript.ProjectModule@5e600dd5]" started-at="2024-10-09T14:51:51 IST" name="createProject" finished-at="2024-10-09T14:52:04 IST" duration-ms="12265" status="PASS">
          <reporter-output>
          </reporter-output>
        </test-method> <!-- createProject -->
        <test-method is-config="true" signature="logout()[pri:0, instance:com.actitime.testscript.ProjectModule@5e600dd5]" started-at="2024-10-09T14:52:04 IST" name="logout" finished-at="2024-10-09T14:52:04 IST" duration-ms="6" status="PASS">
          <reporter-output>
          </reporter-output>
        </test-method> <!-- logout -->
        <test-method is-config="true" signature="closeBrowser()[pri:0, instance:com.actitime.testscript.ProjectModule@5e600dd5]" started-at="2024-10-09T14:52:04 IST" name="closeBrowser" finished-at="2024-10-09T14:52:04 IST" duration-ms="1" status="PASS">
          <reporter-output>
          </reporter-output>
        </test-method> <!-- closeBrowser -->
      </class> <!-- com.actitime.testscript.ProjectModule -->
    </test> <!-- Default test -->
  </suite> <!-- Default suite -->
</testng-results>
